This file contains any messages produced by compilers while
running configure, to aid debugging if configure makes a mistake.

It was created by dlvhex-diffplugin configure 2.0.0, which was
generated by GNU Autoconf 2.69.  Invocation command line was

  $ ./configure 

## --------- ##
## Platform. ##
## --------- ##

hostname = chao-OptiPlex-9010
uname -m = x86_64
uname -r = 3.13.0-35-generic
uname -s = Linux
uname -v = #62-Ubuntu SMP Fri Aug 15 01:58:42 UTC 2014

/usr/bin/uname -p = unknown
/bin/uname -X     = unknown

/bin/arch              = unknown
/usr/bin/arch -k       = unknown
/usr/convex/getsysinfo = unknown
/usr/bin/hostinfo      = unknown
/bin/machine           = unknown
/usr/bin/oslevel       = unknown
/bin/universe          = unknown

PATH: /usr/local/sbin
PATH: /usr/local/bin
PATH: /usr/sbin
PATH: /usr/bin
PATH: /sbin
PATH: /bin


## ----------- ##
## Core tests. ##
## ----------- ##

configure:2541: checking for a BSD-compatible install
configure:2609: result: /usr/bin/install -c
configure:2620: checking whether build environment is sane
configure:2675: result: yes
configure:2826: checking for a thread-safe mkdir -p
configure:2865: result: /bin/mkdir -p
configure:2872: checking for gawk
configure:2902: result: no
configure:2872: checking for mawk
configure:2888: found /usr/bin/mawk
configure:2899: result: mawk
configure:2910: checking whether make sets $(MAKE)
configure:2932: result: yes
configure:2961: checking whether make supports nested variables
configure:2978: result: yes
configure:3108: checking build system type
configure:3122: result: x86_64-unknown-linux-gnu
configure:3142: checking host system type
configure:3155: result: x86_64-unknown-linux-gnu
configure:3243: checking for g++
configure:3259: found /usr/bin/g++
configure:3270: result: g++
configure:3297: checking for C++ compiler version
configure:3306: g++ --version >&5
g++ (Ubuntu 4.8.2-19ubuntu1) 4.8.2
Copyright (C) 2013 Free Software Foundation, Inc.
This is free software; see the source for copying conditions.  There is NO
warranty; not even for MERCHANTABILITY or FITNESS FOR A PARTICULAR PURPOSE.

configure:3317: $? = 0
configure:3306: g++ -v >&5
Using built-in specs.
COLLECT_GCC=g++
COLLECT_LTO_WRAPPER=/usr/lib/gcc/x86_64-linux-gnu/4.8/lto-wrapper
Target: x86_64-linux-gnu
Configured with: ../src/configure -v --with-pkgversion='Ubuntu 4.8.2-19ubuntu1' --with-bugurl=file:///usr/share/doc/gcc-4.8/README.Bugs --enable-languages=c,c++,java,go,d,fortran,objc,obj-c++ --prefix=/usr --program-suffix=-4.8 --enable-shared --enable-linker-build-id --libexecdir=/usr/lib --without-included-gettext --enable-threads=posix --with-gxx-include-dir=/usr/include/c++/4.8 --libdir=/usr/lib --enable-nls --with-sysroot=/ --enable-clocale=gnu --enable-libstdcxx-debug --enable-libstdcxx-time=yes --enable-gnu-unique-object --disable-libmudflap --enable-plugin --with-system-zlib --disable-browser-plugin --enable-java-awt=gtk --enable-gtk-cairo --with-java-home=/usr/lib/jvm/java-1.5.0-gcj-4.8-amd64/jre --enable-java-home --with-jvm-root-dir=/usr/lib/jvm/java-1.5.0-gcj-4.8-amd64 --with-jvm-jar-dir=/usr/lib/jvm-exports/java-1.5.0-gcj-4.8-amd64 --with-arch-directory=amd64 --with-ecj-jar=/usr/share/java/eclipse-ecj.jar --enable-objc-gc --enable-multiarch --disable-werror --with-arch-32=i686 --with-abi=m64 --with-multilib-list=m32,m64,mx32 --with-tune=generic --enable-checking=release --build=x86_64-linux-gnu --host=x86_64-linux-gnu --target=x86_64-linux-gnu
Thread model: posix
gcc version 4.8.2 (Ubuntu 4.8.2-19ubuntu1) 
configure:3317: $? = 0
configure:3306: g++ -V >&5
g++: error: unrecognized command line option '-V'
g++: fatal error: no input files
compilation terminated.
configure:3317: $? = 4
configure:3306: g++ -qversion >&5
g++: error: unrecognized command line option '-qversion'
g++: fatal error: no input files
compilation terminated.
configure:3317: $? = 4
configure:3337: checking whether the C++ compiler works
configure:3359: g++    conftest.cpp  >&5
configure:3363: $? = 0
configure:3411: result: yes
configure:3414: checking for C++ compiler default output file name
configure:3416: result: a.out
configure:3422: checking for suffix of executables
configure:3429: g++ -o conftest    conftest.cpp  >&5
configure:3433: $? = 0
configure:3455: result: 
configure:3477: checking whether we are cross compiling
configure:3485: g++ -o conftest    conftest.cpp  >&5
configure:3489: $? = 0
configure:3496: ./conftest
configure:3500: $? = 0
configure:3515: result: no
configure:3520: checking for suffix of object files
configure:3542: g++ -c   conftest.cpp >&5
configure:3546: $? = 0
configure:3567: result: o
configure:3571: checking whether we are using the GNU C++ compiler
configure:3590: g++ -c   conftest.cpp >&5
configure:3590: $? = 0
configure:3599: result: yes
configure:3608: checking whether g++ accepts -g
configure:3628: g++ -c -g  conftest.cpp >&5
configure:3628: $? = 0
configure:3669: result: yes
configure:3703: checking for style of include used by make
configure:3731: result: GNU
configure:3757: checking dependency style of g++
configure:3868: result: gcc3
configure:3895: checking for dirent.h that defines DIR
configure:3914: g++ -c -g -O2  conftest.cpp >&5
configure:3914: $? = 0
configure:3922: result: yes
configure:3935: checking for library containing opendir
configure:3966: g++ -o conftest -g -O2   conftest.cpp  >&5
configure:3966: $? = 0
configure:3983: result: none required
configure:4055: checking how to run the C++ preprocessor
configure:4082: g++ -E  conftest.cpp
configure:4082: $? = 0
configure:4096: g++ -E  conftest.cpp
conftest.cpp:20:28: fatal error: ac_nonexistent.h: No such file or directory
 #include <ac_nonexistent.h>
                            ^
compilation terminated.
configure:4096: $? = 1
configure: failed program was:
| /* confdefs.h */
| #define PACKAGE_NAME "dlvhex-diffplugin"
| #define PACKAGE_TARNAME "dlvhex-diffplugin"
| #define PACKAGE_VERSION "2.0.0"
| #define PACKAGE_STRING "dlvhex-diffplugin 2.0.0"
| #define PACKAGE_BUGREPORT "dlvhex-devel@lists.sourceforge.net"
| #define PACKAGE_URL ""
| #define DIFFPLUGIN_VERSION 2.0.0
| #define DIFFPLUGIN_VERSION_MAJOR 2
| #define DIFFPLUGIN_VERSION_MINOR 0
| #define DIFFPLUGIN_VERSION_MICRO 0
| #define DLVHEX_ABI_VERSION 7.0.0
| #define DLVHEX_ABI_VERSION_MAJOR 7
| #define DLVHEX_ABI_VERSION_MINOR 0
| #define DLVHEX_ABI_VERSION_MICRO 0
| #define PACKAGE "dlvhex-diffplugin"
| #define VERSION "2.0.0"
| #define HAVE_DIRENT_H 1
| /* end confdefs.h.  */
| #include <ac_nonexistent.h>
configure:4121: result: g++ -E
configure:4141: g++ -E  conftest.cpp
configure:4141: $? = 0
configure:4155: g++ -E  conftest.cpp
conftest.cpp:20:28: fatal error: ac_nonexistent.h: No such file or directory
 #include <ac_nonexistent.h>
                            ^
compilation terminated.
configure:4155: $? = 1
configure: failed program was:
| /* confdefs.h */
| #define PACKAGE_NAME "dlvhex-diffplugin"
| #define PACKAGE_TARNAME "dlvhex-diffplugin"
| #define PACKAGE_VERSION "2.0.0"
| #define PACKAGE_STRING "dlvhex-diffplugin 2.0.0"
| #define PACKAGE_BUGREPORT "dlvhex-devel@lists.sourceforge.net"
| #define PACKAGE_URL ""
| #define DIFFPLUGIN_VERSION 2.0.0
| #define DIFFPLUGIN_VERSION_MAJOR 2
| #define DIFFPLUGIN_VERSION_MINOR 0
| #define DIFFPLUGIN_VERSION_MICRO 0
| #define DLVHEX_ABI_VERSION 7.0.0
| #define DLVHEX_ABI_VERSION_MAJOR 7
| #define DLVHEX_ABI_VERSION_MINOR 0
| #define DLVHEX_ABI_VERSION_MICRO 0
| #define PACKAGE "dlvhex-diffplugin"
| #define VERSION "2.0.0"
| #define HAVE_DIRENT_H 1
| /* end confdefs.h.  */
| #include <ac_nonexistent.h>
configure:4184: checking for grep that handles long lines and -e
configure:4242: result: /bin/grep
configure:4247: checking for egrep
configure:4309: result: /bin/grep -E
configure:4314: checking for ANSI C header files
configure:4334: g++ -c -g -O2  conftest.cpp >&5
configure:4334: $? = 0
configure:4407: g++ -o conftest -g -O2   conftest.cpp  >&5
configure:4407: $? = 0
configure:4407: ./conftest
configure:4407: $? = 0
configure:4418: result: yes
configure:4431: checking for sys/types.h
configure:4431: g++ -c -g -O2  conftest.cpp >&5
configure:4431: $? = 0
configure:4431: result: yes
configure:4431: checking for sys/stat.h
configure:4431: g++ -c -g -O2  conftest.cpp >&5
configure:4431: $? = 0
configure:4431: result: yes
configure:4431: checking for stdlib.h
configure:4431: g++ -c -g -O2  conftest.cpp >&5
configure:4431: $? = 0
configure:4431: result: yes
configure:4431: checking for string.h
configure:4431: g++ -c -g -O2  conftest.cpp >&5
configure:4431: $? = 0
configure:4431: result: yes
configure:4431: checking for memory.h
configure:4431: g++ -c -g -O2  conftest.cpp >&5
configure:4431: $? = 0
configure:4431: result: yes
configure:4431: checking for strings.h
configure:4431: g++ -c -g -O2  conftest.cpp >&5
configure:4431: $? = 0
configure:4431: result: yes
configure:4431: checking for inttypes.h
configure:4431: g++ -c -g -O2  conftest.cpp >&5
configure:4431: $? = 0
configure:4431: result: yes
configure:4431: checking for stdint.h
configure:4431: g++ -c -g -O2  conftest.cpp >&5
configure:4431: $? = 0
configure:4431: result: yes
configure:4431: checking for unistd.h
configure:4431: g++ -c -g -O2  conftest.cpp >&5
configure:4431: $? = 0
configure:4431: result: yes
configure:4445: checking sys/param.h usability
configure:4445: g++ -c -g -O2  conftest.cpp >&5
configure:4445: $? = 0
configure:4445: result: yes
configure:4445: checking sys/param.h presence
configure:4445: g++ -E  conftest.cpp
configure:4445: $? = 0
configure:4445: result: yes
configure:4445: checking for sys/param.h
configure:4445: result: yes
configure:4457: checking for stdbool.h that conforms to C99
configure:4524: g++ -c -g -O2  conftest.cpp >&5
configure:4524: $? = 0
configure:4531: result: yes
configure:4533: checking for _Bool
configure:4533: g++ -c -g -O2  conftest.cpp >&5
conftest.cpp: In function 'int main()':
conftest.cpp:67:13: error: '_Bool' was not declared in this scope
 if (sizeof (_Bool))
             ^
configure:4533: $? = 1
configure: failed program was:
| /* confdefs.h */
| #define PACKAGE_NAME "dlvhex-diffplugin"
| #define PACKAGE_TARNAME "dlvhex-diffplugin"
| #define PACKAGE_VERSION "2.0.0"
| #define PACKAGE_STRING "dlvhex-diffplugin 2.0.0"
| #define PACKAGE_BUGREPORT "dlvhex-devel@lists.sourceforge.net"
| #define PACKAGE_URL ""
| #define DIFFPLUGIN_VERSION 2.0.0
| #define DIFFPLUGIN_VERSION_MAJOR 2
| #define DIFFPLUGIN_VERSION_MINOR 0
| #define DIFFPLUGIN_VERSION_MICRO 0
| #define DLVHEX_ABI_VERSION 7.0.0
| #define DLVHEX_ABI_VERSION_MAJOR 7
| #define DLVHEX_ABI_VERSION_MINOR 0
| #define DLVHEX_ABI_VERSION_MICRO 0
| #define PACKAGE "dlvhex-diffplugin"
| #define VERSION "2.0.0"
| #define HAVE_DIRENT_H 1
| #define STDC_HEADERS 1
| #define HAVE_SYS_TYPES_H 1
| #define HAVE_SYS_STAT_H 1
| #define HAVE_STDLIB_H 1
| #define HAVE_STRING_H 1
| #define HAVE_MEMORY_H 1
| #define HAVE_STRINGS_H 1
| #define HAVE_INTTYPES_H 1
| #define HAVE_STDINT_H 1
| #define HAVE_UNISTD_H 1
| #define HAVE_SYS_PARAM_H 1
| /* end confdefs.h.  */
| #include <stdio.h>
| #ifdef HAVE_SYS_TYPES_H
| # include <sys/types.h>
| #endif
| #ifdef HAVE_SYS_STAT_H
| # include <sys/stat.h>
| #endif
| #ifdef STDC_HEADERS
| # include <stdlib.h>
| # include <stddef.h>
| #else
| # ifdef HAVE_STDLIB_H
| #  include <stdlib.h>
| # endif
| #endif
| #ifdef HAVE_STRING_H
| # if !defined STDC_HEADERS && defined HAVE_MEMORY_H
| #  include <memory.h>
| # endif
| # include <string.h>
| #endif
| #ifdef HAVE_STRINGS_H
| # include <strings.h>
| #endif
| #ifdef HAVE_INTTYPES_H
| # include <inttypes.h>
| #endif
| #ifdef HAVE_STDINT_H
| # include <stdint.h>
| #endif
| #ifdef HAVE_UNISTD_H
| # include <unistd.h>
| #endif
| int
| main ()
| {
| if (sizeof (_Bool))
| 	 return 0;
|   ;
|   return 0;
| }
configure:4533: result: no
configure:4550: checking for an ANSI C-conforming const
configure:4616: g++ -c -g -O2  conftest.cpp >&5
configure:4616: $? = 0
configure:4623: result: yes
configure:4714: checking how to print strings
configure:4741: result: printf
configure:4810: checking for gcc
configure:4826: found /usr/bin/gcc
configure:4837: result: gcc
configure:5066: checking for C compiler version
configure:5075: gcc --version >&5
gcc (Ubuntu 4.8.2-19ubuntu1) 4.8.2
Copyright (C) 2013 Free Software Foundation, Inc.
This is free software; see the source for copying conditions.  There is NO
warranty; not even for MERCHANTABILITY or FITNESS FOR A PARTICULAR PURPOSE.

configure:5086: $? = 0
configure:5075: gcc -v >&5
Using built-in specs.
COLLECT_GCC=gcc
COLLECT_LTO_WRAPPER=/usr/lib/gcc/x86_64-linux-gnu/4.8/lto-wrapper
Target: x86_64-linux-gnu
Configured with: ../src/configure -v --with-pkgversion='Ubuntu 4.8.2-19ubuntu1' --with-bugurl=file:///usr/share/doc/gcc-4.8/README.Bugs --enable-languages=c,c++,java,go,d,fortran,objc,obj-c++ --prefix=/usr --program-suffix=-4.8 --enable-shared --enable-linker-build-id --libexecdir=/usr/lib --without-included-gettext --enable-threads=posix --with-gxx-include-dir=/usr/include/c++/4.8 --libdir=/usr/lib --enable-nls --with-sysroot=/ --enable-clocale=gnu --enable-libstdcxx-debug --enable-libstdcxx-time=yes --enable-gnu-unique-object --disable-libmudflap --enable-plugin --with-system-zlib --disable-browser-plugin --enable-java-awt=gtk --enable-gtk-cairo --with-java-home=/usr/lib/jvm/java-1.5.0-gcj-4.8-amd64/jre --enable-java-home --with-jvm-root-dir=/usr/lib/jvm/java-1.5.0-gcj-4.8-amd64 --with-jvm-jar-dir=/usr/lib/jvm-exports/java-1.5.0-gcj-4.8-amd64 --with-arch-directory=amd64 --with-ecj-jar=/usr/share/java/eclipse-ecj.jar --enable-objc-gc --enable-multiarch --disable-werror --with-arch-32=i686 --with-abi=m64 --with-multilib-list=m32,m64,mx32 --with-tune=generic --enable-checking=release --build=x86_64-linux-gnu --host=x86_64-linux-gnu --target=x86_64-linux-gnu
Thread model: posix
gcc version 4.8.2 (Ubuntu 4.8.2-19ubuntu1) 
configure:5086: $? = 0
configure:5075: gcc -V >&5
gcc: error: unrecognized command line option '-V'
gcc: fatal error: no input files
compilation terminated.
configure:5086: $? = 4
configure:5075: gcc -qversion >&5
gcc: error: unrecognized command line option '-qversion'
gcc: fatal error: no input files
compilation terminated.
configure:5086: $? = 4
configure:5090: checking whether we are using the GNU C compiler
configure:5109: gcc -c   conftest.c >&5
configure:5109: $? = 0
configure:5118: result: yes
configure:5127: checking whether gcc accepts -g
configure:5147: gcc -c -g  conftest.c >&5
configure:5147: $? = 0
configure:5188: result: yes
configure:5205: checking for gcc option to accept ISO C89
configure:5268: gcc  -c -g -O2  conftest.c >&5
configure:5268: $? = 0
configure:5281: result: none needed
configure:5306: checking whether gcc understands -c and -o together
configure:5328: gcc -c conftest.c -o conftest2.o
configure:5331: $? = 0
configure:5328: gcc -c conftest.c -o conftest2.o
configure:5331: $? = 0
configure:5343: result: yes
configure:5362: checking dependency style of gcc
configure:5473: result: gcc3
configure:5488: checking for a sed that does not truncate output
configure:5552: result: /bin/sed
configure:5570: checking for fgrep
configure:5632: result: /bin/grep -F
configure:5667: checking for ld used by gcc
configure:5734: result: /usr/bin/ld
configure:5741: checking if the linker (/usr/bin/ld) is GNU ld
configure:5756: result: yes
configure:5768: checking for BSD- or MS-compatible name lister (nm)
configure:5817: result: /usr/bin/nm -B
configure:5947: checking the name lister (/usr/bin/nm -B) interface
configure:5954: g++ -c -g -O2  conftest.cpp >&5
configure:5957: /usr/bin/nm -B "conftest.o"
configure:5960: output
0000000000000000 B some_variable
configure:5967: result: BSD nm
configure:5970: checking whether ln -s works
configure:5974: result: yes
configure:5982: checking the maximum length of command line arguments
configure:6107: result: 1572864
configure:6124: checking whether the shell understands some XSI constructs
configure:6134: result: yes
configure:6138: checking whether the shell understands "+="
configure:6144: result: yes
configure:6179: checking how to convert x86_64-unknown-linux-gnu file names to x86_64-unknown-linux-gnu format
configure:6219: result: func_convert_file_noop
configure:6226: checking how to convert x86_64-unknown-linux-gnu file names to toolchain format
configure:6246: result: func_convert_file_noop
configure:6253: checking for /usr/bin/ld option to reload object files
configure:6260: result: -r
configure:6334: checking for objdump
configure:6350: found /usr/bin/objdump
configure:6361: result: objdump
configure:6393: checking how to recognize dependent libraries
configure:6595: result: pass_all
configure:6680: checking for dlltool
configure:6710: result: no
configure:6740: checking how to associate runtime and link libraries
configure:6767: result: printf %s\n
configure:6827: checking for ar
configure:6843: found /usr/bin/ar
configure:6854: result: ar
configure:6891: checking for archiver @FILE support
configure:6908: g++ -c -g -O2  conftest.cpp >&5
configure:6908: $? = 0
configure:6911: ar cru libconftest.a @conftest.lst >&5
configure:6914: $? = 0
configure:6919: ar cru libconftest.a @conftest.lst >&5
ar: conftest.o: No such file or directory
configure:6922: $? = 1
configure:6934: result: @
configure:6992: checking for strip
configure:7008: found /usr/bin/strip
configure:7019: result: strip
configure:7091: checking for ranlib
configure:7107: found /usr/bin/ranlib
configure:7118: result: ranlib
configure:7220: checking command to parse /usr/bin/nm -B output from gcc object
configure:7339: g++ -c -g -O2  conftest.cpp >&5
configure:7342: $? = 0
configure:7346: /usr/bin/nm -B conftest.o \| sed -n -e 's/^.*[ ]\([ABCDGIRSTW][ABCDGIRSTW]*\)[ ][ ]*\([_A-Za-z][_A-Za-z0-9]*\)$/\1 \2 \2/p' | sed '/ __gnu_lto/d' \> conftest.nm
configure:7349: $? = 0
configure:7415: g++ -o conftest -g -O2   conftest.cpp conftstm.o >&5
configure:7418: $? = 0
configure:7456: result: ok
configure:7493: checking for sysroot
configure:7523: result: no
configure:7601: g++ -c -g -O2  conftest.cpp >&5
configure:7604: $? = 0
configure:7767: checking for mt
configure:7783: found /bin/mt
configure:7794: result: mt
configure:7817: checking if mt is a manifest tool
configure:7823: mt '-?'
configure:7831: result: no
configure:8460: checking for dlfcn.h
configure:8460: g++ -c -g -O2  conftest.cpp >&5
configure:8460: $? = 0
configure:8460: result: yes
configure:8625: checking for objdir
configure:8640: result: .libs
configure:8911: checking if gcc supports -fno-rtti -fno-exceptions
configure:8929: gcc -c -g -O2  -fno-rtti -fno-exceptions conftest.c >&5
cc1: warning: command line option '-fno-rtti' is valid for C++/ObjC++ but not for C [enabled by default]
configure:8933: $? = 0
configure:8946: result: no
configure:9256: checking for gcc option to produce PIC
configure:9263: result: -fPIC -DPIC
configure:9271: checking if gcc PIC flag -fPIC -DPIC works
configure:9289: gcc -c -g -O2  -fPIC -DPIC -DPIC conftest.c >&5
configure:9293: $? = 0
configure:9306: result: yes
configure:9335: checking if gcc static flag -static works
configure:9363: result: yes
configure:9378: checking if gcc supports -c -o file.o
configure:9399: gcc -c -g -O2  -o out/conftest2.o conftest.c >&5
configure:9403: $? = 0
configure:9425: result: yes
configure:9433: checking if gcc supports -c -o file.o
configure:9480: result: yes
configure:9513: checking whether the gcc linker (/usr/bin/ld -m elf_x86_64) supports shared libraries
configure:10675: result: yes
configure:10712: checking whether -lc should be explicitly linked in
configure:10720: gcc -c -g -O2  conftest.c >&5
configure:10723: $? = 0
configure:10738: gcc -shared  -fPIC -DPIC conftest.o  -v -Wl,-soname -Wl,conftest -o conftest 2\>\&1 \| /bin/grep  -lc  \>/dev/null 2\>\&1
configure:10741: $? = 0
configure:10755: result: no
configure:10920: checking dynamic linker characteristics
configure:11435: gcc -o conftest -g -O2   -Wl,-rpath -Wl,/foo conftest.c  >&5
configure:11435: $? = 0
configure:11669: result: GNU/Linux ld.so
configure:11776: checking how to hardcode library paths into programs
configure:11801: result: immediate
configure:11895: checking for shl_load
configure:11895: gcc -o conftest -g -O2   conftest.c  >&5
/tmp/ccTcbm6E.o: In function `main':
/home/chao/DLVHEX/DLVHEX-DIFF/conftest.c:68: undefined reference to `shl_load'
collect2: error: ld returned 1 exit status
configure:11895: $? = 1
configure: failed program was:
| /* confdefs.h */
| #define PACKAGE_NAME "dlvhex-diffplugin"
| #define PACKAGE_TARNAME "dlvhex-diffplugin"
| #define PACKAGE_VERSION "2.0.0"
| #define PACKAGE_STRING "dlvhex-diffplugin 2.0.0"
| #define PACKAGE_BUGREPORT "dlvhex-devel@lists.sourceforge.net"
| #define PACKAGE_URL ""
| #define DIFFPLUGIN_VERSION 2.0.0
| #define DIFFPLUGIN_VERSION_MAJOR 2
| #define DIFFPLUGIN_VERSION_MINOR 0
| #define DIFFPLUGIN_VERSION_MICRO 0
| #define DLVHEX_ABI_VERSION 7.0.0
| #define DLVHEX_ABI_VERSION_MAJOR 7
| #define DLVHEX_ABI_VERSION_MINOR 0
| #define DLVHEX_ABI_VERSION_MICRO 0
| #define PACKAGE "dlvhex-diffplugin"
| #define VERSION "2.0.0"
| #define HAVE_DIRENT_H 1
| #define STDC_HEADERS 1
| #define HAVE_SYS_TYPES_H 1
| #define HAVE_SYS_STAT_H 1
| #define HAVE_STDLIB_H 1
| #define HAVE_STRING_H 1
| #define HAVE_MEMORY_H 1
| #define HAVE_STRINGS_H 1
| #define HAVE_INTTYPES_H 1
| #define HAVE_STDINT_H 1
| #define HAVE_UNISTD_H 1
| #define HAVE_SYS_PARAM_H 1
| #define HAVE_STDBOOL_H 1
| #define HAVE_DLFCN_H 1
| #define LT_OBJDIR ".libs/"
| /* end confdefs.h.  */
| /* Define shl_load to an innocuous variant, in case <limits.h> declares shl_load.
|    For example, HP-UX 11i <limits.h> declares gettimeofday.  */
| #define shl_load innocuous_shl_load
| 
| /* System header to define __stub macros and hopefully few prototypes,
|     which can conflict with char shl_load (); below.
|     Prefer <limits.h> to <assert.h> if __STDC__ is defined, since
|     <limits.h> exists even on freestanding compilers.  */
| 
| #ifdef __STDC__
| # include <limits.h>
| #else
| # include <assert.h>
| #endif
| 
| #undef shl_load
| 
| /* Override any GCC internal prototype to avoid an error.
|    Use char because int might match the return type of a GCC
|    builtin and then its argument prototype would still apply.  */
| #ifdef __cplusplus
| extern "C"
| #endif
| char shl_load ();
| /* The GNU C library defines this for functions which it implements
|     to always fail with ENOSYS.  Some functions are actually named
|     something starting with __ and the normal name is an alias.  */
| #if defined __stub_shl_load || defined __stub___shl_load
| choke me
| #endif
| 
| int
| main ()
| {
| return shl_load ();
|   ;
|   return 0;
| }
configure:11895: result: no
configure:11899: checking for shl_load in -ldld
configure:11924: gcc -o conftest -g -O2   conftest.c -ldld   >&5
/usr/bin/ld: cannot find -ldld
collect2: error: ld returned 1 exit status
configure:11924: $? = 1
configure: failed program was:
| /* confdefs.h */
| #define PACKAGE_NAME "dlvhex-diffplugin"
| #define PACKAGE_TARNAME "dlvhex-diffplugin"
| #define PACKAGE_VERSION "2.0.0"
| #define PACKAGE_STRING "dlvhex-diffplugin 2.0.0"
| #define PACKAGE_BUGREPORT "dlvhex-devel@lists.sourceforge.net"
| #define PACKAGE_URL ""
| #define DIFFPLUGIN_VERSION 2.0.0
| #define DIFFPLUGIN_VERSION_MAJOR 2
| #define DIFFPLUGIN_VERSION_MINOR 0
| #define DIFFPLUGIN_VERSION_MICRO 0
| #define DLVHEX_ABI_VERSION 7.0.0
| #define DLVHEX_ABI_VERSION_MAJOR 7
| #define DLVHEX_ABI_VERSION_MINOR 0
| #define DLVHEX_ABI_VERSION_MICRO 0
| #define PACKAGE "dlvhex-diffplugin"
| #define VERSION "2.0.0"
| #define HAVE_DIRENT_H 1
| #define STDC_HEADERS 1
| #define HAVE_SYS_TYPES_H 1
| #define HAVE_SYS_STAT_H 1
| #define HAVE_STDLIB_H 1
| #define HAVE_STRING_H 1
| #define HAVE_MEMORY_H 1
| #define HAVE_STRINGS_H 1
| #define HAVE_INTTYPES_H 1
| #define HAVE_STDINT_H 1
| #define HAVE_UNISTD_H 1
| #define HAVE_SYS_PARAM_H 1
| #define HAVE_STDBOOL_H 1
| #define HAVE_DLFCN_H 1
| #define LT_OBJDIR ".libs/"
| /* end confdefs.h.  */
| 
| /* Override any GCC internal prototype to avoid an error.
|    Use char because int might match the return type of a GCC
|    builtin and then its argument prototype would still apply.  */
| #ifdef __cplusplus
| extern "C"
| #endif
| char shl_load ();
| int
| main ()
| {
| return shl_load ();
|   ;
|   return 0;
| }
configure:11933: result: no
configure:11938: checking for dlopen
configure:11938: gcc -o conftest -g -O2   conftest.c  >&5
/tmp/ccbVsIuN.o: In function `main':
/home/chao/DLVHEX/DLVHEX-DIFF/conftest.c:68: undefined reference to `dlopen'
collect2: error: ld returned 1 exit status
configure:11938: $? = 1
configure: failed program was:
| /* confdefs.h */
| #define PACKAGE_NAME "dlvhex-diffplugin"
| #define PACKAGE_TARNAME "dlvhex-diffplugin"
| #define PACKAGE_VERSION "2.0.0"
| #define PACKAGE_STRING "dlvhex-diffplugin 2.0.0"
| #define PACKAGE_BUGREPORT "dlvhex-devel@lists.sourceforge.net"
| #define PACKAGE_URL ""
| #define DIFFPLUGIN_VERSION 2.0.0
| #define DIFFPLUGIN_VERSION_MAJOR 2
| #define DIFFPLUGIN_VERSION_MINOR 0
| #define DIFFPLUGIN_VERSION_MICRO 0
| #define DLVHEX_ABI_VERSION 7.0.0
| #define DLVHEX_ABI_VERSION_MAJOR 7
| #define DLVHEX_ABI_VERSION_MINOR 0
| #define DLVHEX_ABI_VERSION_MICRO 0
| #define PACKAGE "dlvhex-diffplugin"
| #define VERSION "2.0.0"
| #define HAVE_DIRENT_H 1
| #define STDC_HEADERS 1
| #define HAVE_SYS_TYPES_H 1
| #define HAVE_SYS_STAT_H 1
| #define HAVE_STDLIB_H 1
| #define HAVE_STRING_H 1
| #define HAVE_MEMORY_H 1
| #define HAVE_STRINGS_H 1
| #define HAVE_INTTYPES_H 1
| #define HAVE_STDINT_H 1
| #define HAVE_UNISTD_H 1
| #define HAVE_SYS_PARAM_H 1
| #define HAVE_STDBOOL_H 1
| #define HAVE_DLFCN_H 1
| #define LT_OBJDIR ".libs/"
| /* end confdefs.h.  */
| /* Define dlopen to an innocuous variant, in case <limits.h> declares dlopen.
|    For example, HP-UX 11i <limits.h> declares gettimeofday.  */
| #define dlopen innocuous_dlopen
| 
| /* System header to define __stub macros and hopefully few prototypes,
|     which can conflict with char dlopen (); below.
|     Prefer <limits.h> to <assert.h> if __STDC__ is defined, since
|     <limits.h> exists even on freestanding compilers.  */
| 
| #ifdef __STDC__
| # include <limits.h>
| #else
| # include <assert.h>
| #endif
| 
| #undef dlopen
| 
| /* Override any GCC internal prototype to avoid an error.
|    Use char because int might match the return type of a GCC
|    builtin and then its argument prototype would still apply.  */
| #ifdef __cplusplus
| extern "C"
| #endif
| char dlopen ();
| /* The GNU C library defines this for functions which it implements
|     to always fail with ENOSYS.  Some functions are actually named
|     something starting with __ and the normal name is an alias.  */
| #if defined __stub_dlopen || defined __stub___dlopen
| choke me
| #endif
| 
| int
| main ()
| {
| return dlopen ();
|   ;
|   return 0;
| }
configure:11938: result: no
configure:11942: checking for dlopen in -ldl
configure:11967: gcc -o conftest -g -O2   conftest.c -ldl   >&5
configure:11967: $? = 0
configure:11976: result: yes
configure:12095: checking whether a program can dlopen itself
configure:12175: gcc -o conftest -g -O2  -DHAVE_DLFCN_H  -Wl,--export-dynamic conftest.c -ldl  >&5
configure:12178: $? = 0
configure:12196: result: yes
configure:12201: checking whether a statically linked program can dlopen itself
configure:12281: gcc -o conftest -g -O2  -DHAVE_DLFCN_H  -Wl,--export-dynamic -static conftest.c -ldl  >&5
/tmp/ccoD7ZoX.o: In function `main':
/home/chao/DLVHEX/DLVHEX-DIFF/configure:12260: warning: Using 'dlopen' in statically linked applications requires at runtime the shared libraries from the glibc version used for linking
/usr/bin/ld: dynamic STT_GNU_IFUNC symbol `strcmp' with pointer equality in `/usr/lib/gcc/x86_64-linux-gnu/4.8/../../../x86_64-linux-gnu/libc.a(strcmp.o)' can not be used when making an executable; recompile with -fPIE and relink with -pie
collect2: error: ld returned 1 exit status
configure:12284: $? = 1
configure:12302: result: no
configure:12341: checking whether stripping libraries is possible
configure:12346: result: yes
configure:12381: checking if libtool supports shared libraries
configure:12383: result: yes
configure:12386: checking whether to build shared libraries
configure:12407: result: yes
configure:12410: checking whether to build static libraries
configure:12414: result: no
configure:12437: checking how to run the C++ preprocessor
configure:12503: result: g++ -E
configure:12523: g++ -E  conftest.cpp
configure:12523: $? = 0
configure:12537: g++ -E  conftest.cpp
conftest.cpp:34:28: fatal error: ac_nonexistent.h: No such file or directory
 #include <ac_nonexistent.h>
                            ^
compilation terminated.
configure:12537: $? = 1
configure: failed program was:
| /* confdefs.h */
| #define PACKAGE_NAME "dlvhex-diffplugin"
| #define PACKAGE_TARNAME "dlvhex-diffplugin"
| #define PACKAGE_VERSION "2.0.0"
| #define PACKAGE_STRING "dlvhex-diffplugin 2.0.0"
| #define PACKAGE_BUGREPORT "dlvhex-devel@lists.sourceforge.net"
| #define PACKAGE_URL ""
| #define DIFFPLUGIN_VERSION 2.0.0
| #define DIFFPLUGIN_VERSION_MAJOR 2
| #define DIFFPLUGIN_VERSION_MINOR 0
| #define DIFFPLUGIN_VERSION_MICRO 0
| #define DLVHEX_ABI_VERSION 7.0.0
| #define DLVHEX_ABI_VERSION_MAJOR 7
| #define DLVHEX_ABI_VERSION_MINOR 0
| #define DLVHEX_ABI_VERSION_MICRO 0
| #define PACKAGE "dlvhex-diffplugin"
| #define VERSION "2.0.0"
| #define HAVE_DIRENT_H 1
| #define STDC_HEADERS 1
| #define HAVE_SYS_TYPES_H 1
| #define HAVE_SYS_STAT_H 1
| #define HAVE_STDLIB_H 1
| #define HAVE_STRING_H 1
| #define HAVE_MEMORY_H 1
| #define HAVE_STRINGS_H 1
| #define HAVE_INTTYPES_H 1
| #define HAVE_STDINT_H 1
| #define HAVE_UNISTD_H 1
| #define HAVE_SYS_PARAM_H 1
| #define HAVE_STDBOOL_H 1
| #define HAVE_DLFCN_H 1
| #define LT_OBJDIR ".libs/"
| /* end confdefs.h.  */
| #include <ac_nonexistent.h>
configure:12707: checking for ld used by g++
configure:12774: result: /usr/bin/ld -m elf_x86_64
configure:12781: checking if the linker (/usr/bin/ld -m elf_x86_64) is GNU ld
configure:12796: result: yes
configure:12851: checking whether the g++ linker (/usr/bin/ld -m elf_x86_64) supports shared libraries
configure:13855: result: yes
configure:13890: g++ -c -g -O2  conftest.cpp >&5
configure:13893: $? = 0
configure:14413: checking for g++ option to produce PIC
configure:14420: result: -fPIC -DPIC
configure:14428: checking if g++ PIC flag -fPIC -DPIC works
configure:14446: g++ -c -g -O2  -fPIC -DPIC -DPIC conftest.cpp >&5
configure:14450: $? = 0
configure:14463: result: yes
configure:14486: checking if g++ static flag -static works
configure:14514: result: yes
configure:14526: checking if g++ supports -c -o file.o
configure:14547: g++ -c -g -O2  -o out/conftest2.o conftest.cpp >&5
configure:14551: $? = 0
configure:14573: result: yes
configure:14578: checking if g++ supports -c -o file.o
configure:14625: result: yes
configure:14655: checking whether the g++ linker (/usr/bin/ld -m elf_x86_64) supports shared libraries
configure:14692: result: yes
configure:14835: checking dynamic linker characteristics
configure:15518: result: GNU/Linux ld.so
configure:15571: checking how to hardcode library paths into programs
configure:15596: result: immediate
configure:15716: checking for pkg-config
configure:15734: found /usr/bin/pkg-config
configure:15746: result: /usr/bin/pkg-config
configure:15771: checking pkg-config is at least version 0.9.0
configure:15774: result: yes
configure:15794: checking for DLVHEX
configure:15801: $PKG_CONFIG --exists --print-errors "dlvhex2 >= 2.0.0"
configure:15804: $? = 0
configure:15818: $PKG_CONFIG --exists --print-errors "dlvhex2 >= 2.0.0"
configure:15821: $? = 0
configure:15879: result: yes
configure:15887: $PKG_CONFIG --exists --print-errors "dlvhex2 >= 2.0.0"
configure:15890: $? = 0
configure:15904: $PKG_CONFIG --exists --print-errors "dlvhex2 >= 2.0.0"
configure:15907: $? = 0
configure:15921: $PKG_CONFIG --exists --print-errors "dlvhex2 >= 2.0.0"
configure:15924: $? = 0
configure:15942: checking dlvhex2/OnlineModelBuilder.h usability
configure:15942: g++ -c -g -O2  -pthread -I/usr/local/include -I/usr/local/include/dlvhex2/bm3.7.0/   conftest.cpp >&5
In file included from /usr/local/include/dlvhex2/PredicateTable.h:38:0,
                 from /usr/local/include/dlvhex2/Registry.h:42,
                 from /usr/local/include/dlvhex2/Interpretation.h:39,
                 from /usr/local/include/dlvhex2/BaseModelGenerator.h:38,
                 from /usr/local/include/dlvhex2/AsynchronousModelGenerator.h:42,
                 from /usr/local/include/dlvhex2/OnlineModelBuilder.h:39,
                 from conftest.cpp:67:
/usr/local/include/dlvhex2/Predicate.h:57:2: warning: #warning see warning in PredicateTable.h [-Wcpp]
 #warning see warning in PredicateTable.h
  ^
In file included from /usr/local/include/dlvhex2/Registry.h:42:0,
                 from /usr/local/include/dlvhex2/Interpretation.h:39,
                 from /usr/local/include/dlvhex2/BaseModelGenerator.h:38,
                 from /usr/local/include/dlvhex2/AsynchronousModelGenerator.h:42,
                 from /usr/local/include/dlvhex2/OnlineModelBuilder.h:39,
                 from conftest.cpp:67:
/usr/local/include/dlvhex2/PredicateTable.h:160:4: warning: #warning this looks fishy, and PREDICATE_FAIL is not used anywhere else, when can this happen and if it is intended to fail, why don't we return a pointer or throw an exception? [-Wcpp]
   #warning this looks fishy, and PREDICATE_FAIL is not used anywhere else, when can this happen and if it is intended to fail, why don't we return a pointer or throw an exception?
    ^
In file included from /usr/local/include/dlvhex2/Atoms.h:40:0,
                 from /usr/local/include/dlvhex2/OrdinaryAtomTable.h:36,
                 from /usr/local/include/dlvhex2/Registry.h:43,
                 from /usr/local/include/dlvhex2/Interpretation.h:39,
                 from /usr/local/include/dlvhex2/BaseModelGenerator.h:38,
                 from /usr/local/include/dlvhex2/AsynchronousModelGenerator.h:42,
                 from /usr/local/include/dlvhex2/OnlineModelBuilder.h:39,
                 from conftest.cpp:67:
/usr/local/include/dlvhex2/ExtSourceProperties.h:45:2: warning: #warning TODO what is the difference/intended usage of ExtSourceProperty vs ExtSourceProperties? (the names are not very intuitive) [-Wcpp]
 #warning TODO what is the difference/intended usage of ExtSourceProperty vs ExtSourceProperties? (the names are not very intuitive)
  ^
In file included from /usr/local/include/dlvhex2/OrdinaryAtomTable.h:36:0,
                 from /usr/local/include/dlvhex2/Registry.h:43,
                 from /usr/local/include/dlvhex2/Interpretation.h:39,
                 from /usr/local/include/dlvhex2/BaseModelGenerator.h:38,
                 from /usr/local/include/dlvhex2/AsynchronousModelGenerator.h:42,
                 from /usr/local/include/dlvhex2/OnlineModelBuilder.h:39,
                 from conftest.cpp:67:
/usr/local/include/dlvhex2/Atoms.h:217:4: warning: #warning inputMask seems to be duplicated in parts of ExternalAtomMask [-Wcpp]
   #warning inputMask seems to be duplicated in parts of ExternalAtomMask
    ^
configure:15942: $? = 0
configure:15942: result: yes
configure:15942: checking dlvhex2/OnlineModelBuilder.h presence
configure:15942: g++ -E  -pthread -I/usr/local/include -I/usr/local/include/dlvhex2/bm3.7.0/   conftest.cpp
In file included from /usr/local/include/dlvhex2/PredicateTable.h:38:0,
                 from /usr/local/include/dlvhex2/Registry.h:42,
                 from /usr/local/include/dlvhex2/Interpretation.h:39,
                 from /usr/local/include/dlvhex2/BaseModelGenerator.h:38,
                 from /usr/local/include/dlvhex2/AsynchronousModelGenerator.h:42,
                 from /usr/local/include/dlvhex2/OnlineModelBuilder.h:39,
                 from conftest.cpp:34:
/usr/local/include/dlvhex2/Predicate.h:57:2: warning: #warning see warning in PredicateTable.h [-Wcpp]
 #warning see warning in PredicateTable.h
  ^
In file included from /usr/local/include/dlvhex2/Registry.h:42:0,
                 from /usr/local/include/dlvhex2/Interpretation.h:39,
                 from /usr/local/include/dlvhex2/BaseModelGenerator.h:38,
                 from /usr/local/include/dlvhex2/AsynchronousModelGenerator.h:42,
                 from /usr/local/include/dlvhex2/OnlineModelBuilder.h:39,
                 from conftest.cpp:34:
/usr/local/include/dlvhex2/PredicateTable.h:160:4: warning: #warning this looks fishy, and PREDICATE_FAIL is not used anywhere else, when can this happen and if it is intended to fail, why don't we return a pointer or throw an exception? [-Wcpp]
   #warning this looks fishy, and PREDICATE_FAIL is not used anywhere else, when can this happen and if it is intended to fail, why don't we return a pointer or throw an exception?
    ^
In file included from /usr/local/include/dlvhex2/Atoms.h:40:0,
                 from /usr/local/include/dlvhex2/OrdinaryAtomTable.h:36,
                 from /usr/local/include/dlvhex2/Registry.h:43,
                 from /usr/local/include/dlvhex2/Interpretation.h:39,
                 from /usr/local/include/dlvhex2/BaseModelGenerator.h:38,
                 from /usr/local/include/dlvhex2/AsynchronousModelGenerator.h:42,
                 from /usr/local/include/dlvhex2/OnlineModelBuilder.h:39,
                 from conftest.cpp:34:
/usr/local/include/dlvhex2/ExtSourceProperties.h:45:2: warning: #warning TODO what is the difference/intended usage of ExtSourceProperty vs ExtSourceProperties? (the names are not very intuitive) [-Wcpp]
 #warning TODO what is the difference/intended usage of ExtSourceProperty vs ExtSourceProperties? (the names are not very intuitive)
  ^
In file included from /usr/local/include/dlvhex2/OrdinaryAtomTable.h:36:0,
                 from /usr/local/include/dlvhex2/Registry.h:43,
                 from /usr/local/include/dlvhex2/Interpretation.h:39,
                 from /usr/local/include/dlvhex2/BaseModelGenerator.h:38,
                 from /usr/local/include/dlvhex2/AsynchronousModelGenerator.h:42,
                 from /usr/local/include/dlvhex2/OnlineModelBuilder.h:39,
                 from conftest.cpp:34:
/usr/local/include/dlvhex2/Atoms.h:217:4: warning: #warning inputMask seems to be duplicated in parts of ExternalAtomMask [-Wcpp]
   #warning inputMask seems to be duplicated in parts of ExternalAtomMask
    ^
configure:15942: $? = 0
configure:15942: result: yes
configure:15942: checking for dlvhex2/OnlineModelBuilder.h
configure:15942: result: yes
configure:15954: checking for DLVHEX
configure:16039: result: yes
configure: this is boost.m4 serial 16
configure:16073: checking for Boost headers version >= 1.41.0
configure:16144: g++ -c -g -O2  conftest.cpp >&5
configure:16144: $? = 0
configure:16165: result: yes
configure:16184: checking for Boost's header version
configure:16202: result: 1_54
configure:16225: checking boost/scoped_ptr.hpp usability
configure:16225: g++ -c -g -O2   conftest.cpp >&5
configure:16225: $? = 0
configure:16225: result: yes
configure:16225: checking boost/scoped_ptr.hpp presence
configure:16225: g++ -E   conftest.cpp
configure:16225: $? = 0
configure:16225: result: yes
configure:16225: checking for boost/scoped_ptr.hpp
configure:16225: result: yes
configure:16254: checking boost/shared_ptr.hpp usability
configure:16254: g++ -c -g -O2   conftest.cpp >&5
configure:16254: $? = 0
configure:16254: result: yes
configure:16254: checking boost/shared_ptr.hpp presence
configure:16254: g++ -E   conftest.cpp
configure:16254: $? = 0
configure:16254: result: yes
configure:16254: checking for boost/shared_ptr.hpp
configure:16254: result: yes
configure:16285: checking boost/algorithm/string.hpp usability
configure:16285: g++ -c -g -O2   conftest.cpp >&5
configure:16285: $? = 0
configure:16285: result: yes
configure:16285: checking boost/algorithm/string.hpp presence
configure:16285: g++ -E   conftest.cpp
configure:16285: $? = 0
configure:16285: result: yes
configure:16285: checking for boost/algorithm/string.hpp
configure:16285: result: yes
configure:16316: checking boost/tokenizer.hpp usability
configure:16316: g++ -c -g -O2   conftest.cpp >&5
configure:16316: $? = 0
configure:16316: result: yes
configure:16316: checking boost/tokenizer.hpp presence
configure:16316: g++ -E   conftest.cpp
configure:16316: $? = 0
configure:16316: result: yes
configure:16316: checking for boost/tokenizer.hpp
configure:16316: result: yes
configure:16468: checking that generated files are newer than configure
configure:16474: result: done
configure:16501: creating ./config.status

## ---------------------- ##
## Running config.status. ##
## ---------------------- ##

This file was extended by dlvhex-diffplugin config.status 2.0.0, which was
generated by GNU Autoconf 2.69.  Invocation command line was

  CONFIG_FILES    = 
  CONFIG_HEADERS  = 
  CONFIG_LINKS    = 
  CONFIG_COMMANDS = 
  $ ./config.status 

on chao-OptiPlex-9010

config.status:1180: creating Makefile
config.status:1180: creating src/Makefile
config.status:1180: creating src/config.h
config.status:1361: src/config.h is unchanged
config.status:1409: executing depfiles commands
config.status:1409: executing libtool commands

## ---------------- ##
## Cache variables. ##
## ---------------- ##

ac_cv_build=x86_64-unknown-linux-gnu
ac_cv_c_compiler_gnu=yes
ac_cv_c_const=yes
ac_cv_cxx_compiler_gnu=yes
ac_cv_env_BOOST_ROOT_set=
ac_cv_env_BOOST_ROOT_value=
ac_cv_env_CCC_set=
ac_cv_env_CCC_value=
ac_cv_env_CC_set=
ac_cv_env_CC_value=
ac_cv_env_CFLAGS_set=
ac_cv_env_CFLAGS_value=
ac_cv_env_CPPFLAGS_set=
ac_cv_env_CPPFLAGS_value=
ac_cv_env_CXXCPP_set=
ac_cv_env_CXXCPP_value=
ac_cv_env_CXXFLAGS_set=
ac_cv_env_CXXFLAGS_value=
ac_cv_env_CXX_set=
ac_cv_env_CXX_value=
ac_cv_env_DLVHEX_CFLAGS_set=
ac_cv_env_DLVHEX_CFLAGS_value=
ac_cv_env_DLVHEX_LIBS_set=
ac_cv_env_DLVHEX_LIBS_value=
ac_cv_env_LDFLAGS_set=
ac_cv_env_LDFLAGS_value=
ac_cv_env_LIBS_set=
ac_cv_env_LIBS_value=
ac_cv_env_PKG_CONFIG_LIBDIR_set=
ac_cv_env_PKG_CONFIG_LIBDIR_value=
ac_cv_env_PKG_CONFIG_PATH_set=
ac_cv_env_PKG_CONFIG_PATH_value=
ac_cv_env_PKG_CONFIG_set=
ac_cv_env_PKG_CONFIG_value=
ac_cv_env_build_alias_set=
ac_cv_env_build_alias_value=
ac_cv_env_host_alias_set=
ac_cv_env_host_alias_value=
ac_cv_env_target_alias_set=
ac_cv_env_target_alias_value=
ac_cv_func_dlopen=no
ac_cv_func_shl_load=no
ac_cv_header_boost_algorithm_string_hpp=yes
ac_cv_header_boost_scoped_ptr_hpp=yes
ac_cv_header_boost_shared_ptr_hpp=yes
ac_cv_header_boost_tokenizer_hpp=yes
ac_cv_header_dirent_dirent_h=yes
ac_cv_header_dlfcn_h=yes
ac_cv_header_dlvhex2_OnlineModelBuilder_h=yes
ac_cv_header_inttypes_h=yes
ac_cv_header_memory_h=yes
ac_cv_header_stdbool_h=yes
ac_cv_header_stdc=yes
ac_cv_header_stdint_h=yes
ac_cv_header_stdlib_h=yes
ac_cv_header_string_h=yes
ac_cv_header_strings_h=yes
ac_cv_header_sys_param_h=yes
ac_cv_header_sys_stat_h=yes
ac_cv_header_sys_types_h=yes
ac_cv_header_unistd_h=yes
ac_cv_host=x86_64-unknown-linux-gnu
ac_cv_lib_dl_dlopen=yes
ac_cv_lib_dld_shl_load=no
ac_cv_objext=o
ac_cv_path_EGREP='/bin/grep -E'
ac_cv_path_FGREP='/bin/grep -F'
ac_cv_path_GREP=/bin/grep
ac_cv_path_SED=/bin/sed
ac_cv_path_ac_pt_PKG_CONFIG=/usr/bin/pkg-config
ac_cv_path_install='/usr/bin/install -c'
ac_cv_path_mkdir=/bin/mkdir
ac_cv_prog_AWK=mawk
ac_cv_prog_CXXCPP='g++ -E'
ac_cv_prog_ac_ct_AR=ar
ac_cv_prog_ac_ct_CC=gcc
ac_cv_prog_ac_ct_CXX=g++
ac_cv_prog_ac_ct_MANIFEST_TOOL=mt
ac_cv_prog_ac_ct_OBJDUMP=objdump
ac_cv_prog_ac_ct_RANLIB=ranlib
ac_cv_prog_ac_ct_STRIP=strip
ac_cv_prog_cc_c89=
ac_cv_prog_cc_g=yes
ac_cv_prog_cxx_g=yes
ac_cv_prog_make_make_set=yes
ac_cv_search_opendir='none required'
ac_cv_type__Bool=no
am_cv_CC_dependencies_compiler_type=gcc3
am_cv_CXX_dependencies_compiler_type=gcc3
am_cv_make_support_nested_variables=yes
am_cv_prog_cc_c_o=yes
boost_cv_inc_path=yes
boost_cv_lib_version=1_54
lt_cv_ar_at_file=@
lt_cv_archive_cmds_need_lc=no
lt_cv_deplibs_check_method=pass_all
lt_cv_dlopen=dlopen
lt_cv_dlopen_libs=-ldl
lt_cv_dlopen_self=yes
lt_cv_dlopen_self_static=no
lt_cv_file_magic_cmd='$MAGIC_CMD'
lt_cv_file_magic_test_file=
lt_cv_ld_reload_flag=-r
lt_cv_nm_interface='BSD nm'
lt_cv_objdir=.libs
lt_cv_path_LD=/usr/bin/ld
lt_cv_path_LDCXX='/usr/bin/ld -m elf_x86_64'
lt_cv_path_NM='/usr/bin/nm -B'
lt_cv_path_mainfest_tool=no
lt_cv_prog_compiler_c_o=yes
lt_cv_prog_compiler_c_o_CXX=yes
lt_cv_prog_compiler_pic='-fPIC -DPIC'
lt_cv_prog_compiler_pic_CXX='-fPIC -DPIC'
lt_cv_prog_compiler_pic_works=yes
lt_cv_prog_compiler_pic_works_CXX=yes
lt_cv_prog_compiler_rtti_exceptions=no
lt_cv_prog_compiler_static_works=yes
lt_cv_prog_compiler_static_works_CXX=yes
lt_cv_prog_gnu_ld=yes
lt_cv_prog_gnu_ldcxx=yes
lt_cv_sharedlib_from_linklib_cmd='printf %s\n'
lt_cv_shlibpath_overrides_runpath=no
lt_cv_sys_global_symbol_pipe='sed -n -e '\''s/^.*[	 ]\([ABCDGIRSTW][ABCDGIRSTW]*\)[	 ][	 ]*\([_A-Za-z][_A-Za-z0-9]*\)$/\1 \2 \2/p'\'' | sed '\''/ __gnu_lto/d'\'''
lt_cv_sys_global_symbol_to_c_name_address='sed -n -e '\''s/^: \([^ ]*\)[ ]*$/  {\"\1\", (void *) 0},/p'\'' -e '\''s/^[ABCDGIRSTW]* \([^ ]*\) \([^ ]*\)$/  {"\2", (void *) \&\2},/p'\'''
lt_cv_sys_global_symbol_to_c_name_address_lib_prefix='sed -n -e '\''s/^: \([^ ]*\)[ ]*$/  {\"\1\", (void *) 0},/p'\'' -e '\''s/^[ABCDGIRSTW]* \([^ ]*\) \(lib[^ ]*\)$/  {"\2", (void *) \&\2},/p'\'' -e '\''s/^[ABCDGIRSTW]* \([^ ]*\) \([^ ]*\)$/  {"lib\2", (void *) \&\2},/p'\'''
lt_cv_sys_global_symbol_to_cdecl='sed -n -e '\''s/^T .* \(.*\)$/extern int \1();/p'\'' -e '\''s/^[ABCDGIRSTW]* .* \(.*\)$/extern char \1;/p'\'''
lt_cv_sys_max_cmd_len=1572864
lt_cv_to_host_file_cmd=func_convert_file_noop
lt_cv_to_tool_file_cmd=func_convert_file_noop
pkg_cv_DLVHEX_BINDIR=/usr/local/bin
pkg_cv_DLVHEX_CFLAGS='-pthread -I/usr/local/include -I/usr/local/include/dlvhex2/bm3.7.0/  '
pkg_cv_DLVHEX_LIBS='-Wl,-R,/usr/local/lib -pthread -L/usr/local/lib -ldlvhex2-base -ldlvhex2-aspsolver -lcurl -lboost_thread -lboost_system  '
pkg_cv_DLVHEX_SYSPLUGINDIR=/usr/local/lib/dlvhex/plugins
pkg_cv_DLVHEX_USERPLUGINDIR=.dlvhex2/plugins

## ----------------- ##
## Output variables. ##
## ----------------- ##

ACLOCAL='${SHELL} /home/chao/DLVHEX/DLVHEX-DIFF/missing aclocal-1.14'
AMDEPBACKSLASH='\'
AMDEP_FALSE='#'
AMDEP_TRUE=''
AMTAR='$${TAR-tar}'
AM_BACKSLASH='\'
AM_DEFAULT_V='$(AM_DEFAULT_VERBOSITY)'
AM_DEFAULT_VERBOSITY='1'
AM_V='$(V)'
AR='ar'
AUTOCONF='${SHELL} /home/chao/DLVHEX/DLVHEX-DIFF/missing autoconf'
AUTOHEADER='${SHELL} /home/chao/DLVHEX/DLVHEX-DIFF/missing autoheader'
AUTOMAKE='${SHELL} /home/chao/DLVHEX/DLVHEX-DIFF/missing automake-1.14'
AWK='mawk'
BOOST_CPPFLAGS=''
BOOST_ROOT=''
CC='gcc'
CCDEPMODE='depmode=gcc3'
CFLAGS='-g -O2'
CPPFLAGS=''
CXX='g++'
CXXCPP='g++ -E'
CXXDEPMODE='depmode=gcc3'
CXXFLAGS='-g -O2'
CYGPATH_W='echo'
DEFS='-DHAVE_CONFIG_H'
DEPDIR='.deps'
DIFFPLUGIN_VERSION='2.0.0'
DIFFPLUGIN_VERSION_MAJOR='2'
DIFFPLUGIN_VERSION_MICRO='0'
DIFFPLUGIN_VERSION_MINOR='0'
DISTCHECK_CONFIGURE_FLAGS=' '\''--with-boost='\'''
DLLTOOL='false'
DLVHEX_ABI_VERSION='7.0.0'
DLVHEX_ABI_VERSION_MAJOR='7'
DLVHEX_ABI_VERSION_MICRO='0'
DLVHEX_ABI_VERSION_MINOR='0'
DLVHEX_BINDIR='/usr/local/bin'
DLVHEX_CFLAGS='-pthread -I/usr/local/include -I/usr/local/include/dlvhex2/bm3.7.0/  '
DLVHEX_LIBS='-Wl,-R,/usr/local/lib -pthread -L/usr/local/lib -ldlvhex2-base -ldlvhex2-aspsolver -lcurl -lboost_thread -lboost_system  '
DLVHEX_SYSPLUGINDIR='/usr/local/lib/dlvhex/plugins'
DLVHEX_USERPLUGINDIR='.dlvhex2/plugins'
DSYMUTIL=''
DUMPBIN=''
ECHO_C=''
ECHO_N='-n'
ECHO_T=''
EGREP='/bin/grep -E'
EXEEXT=''
FGREP='/bin/grep -F'
GREP='/bin/grep'
INSTALL_DATA='${INSTALL} -m 644'
INSTALL_PROGRAM='${INSTALL}'
INSTALL_SCRIPT='${INSTALL}'
INSTALL_STRIP_PROGRAM='$(install_sh) -c -s'
LD='/usr/bin/ld -m elf_x86_64'
LDFLAGS=''
LIBOBJS=''
LIBS=''
LIBTOOL='$(SHELL) $(top_builddir)/libtool'
LIPO=''
LN_S='ln -s'
LTLIBOBJS=''
MAKEINFO='${SHELL} /home/chao/DLVHEX/DLVHEX-DIFF/missing makeinfo'
MANIFEST_TOOL=':'
MKDIR_P='/bin/mkdir -p'
NM='/usr/bin/nm -B'
NMEDIT=''
OBJDUMP='objdump'
OBJEXT='o'
OTOOL64=''
OTOOL=''
PACKAGE='dlvhex-diffplugin'
PACKAGE_BUGREPORT='dlvhex-devel@lists.sourceforge.net'
PACKAGE_NAME='dlvhex-diffplugin'
PACKAGE_STRING='dlvhex-diffplugin 2.0.0'
PACKAGE_TARNAME='dlvhex-diffplugin'
PACKAGE_URL=''
PACKAGE_VERSION='2.0.0'
PATH_SEPARATOR=':'
PKG_CONFIG='/usr/bin/pkg-config'
PKG_CONFIG_LIBDIR=''
PKG_CONFIG_PATH=''
RANLIB='ranlib'
SED='/bin/sed'
SET_MAKE=''
SHELL='/bin/bash'
STRIP='strip'
VERSION='2.0.0'
ac_ct_AR='ar'
ac_ct_CC='gcc'
ac_ct_CXX='g++'
ac_ct_DUMPBIN=''
am__EXEEXT_FALSE=''
am__EXEEXT_TRUE='#'
am__fastdepCC_FALSE='#'
am__fastdepCC_TRUE=''
am__fastdepCXX_FALSE='#'
am__fastdepCXX_TRUE=''
am__include='include'
am__isrc=''
am__leading_dot='.'
am__nodep='_no'
am__quote=''
am__tar='$${TAR-tar} chof - "$$tardir"'
am__untar='$${TAR-tar} xf -'
bindir='${exec_prefix}/bin'
build='x86_64-unknown-linux-gnu'
build_alias=''
build_cpu='x86_64'
build_os='linux-gnu'
build_vendor='unknown'
datadir='${datarootdir}'
datarootdir='${prefix}/share'
docdir='${datarootdir}/doc/${PACKAGE_TARNAME}'
dvidir='${docdir}'
exec_prefix='${prefix}'
host='x86_64-unknown-linux-gnu'
host_alias=''
host_cpu='x86_64'
host_os='linux-gnu'
host_vendor='unknown'
htmldir='${docdir}'
includedir='${prefix}/include'
infodir='${datarootdir}/info'
install_sh='${SHELL} /home/chao/DLVHEX/DLVHEX-DIFF/install-sh'
libdir='${exec_prefix}/lib'
libexecdir='${exec_prefix}/libexec'
localedir='${datarootdir}/locale'
localstatedir='${prefix}/var'
mandir='${datarootdir}/man'
mkdir_p='$(MKDIR_P)'
oldincludedir='/usr/include'
pdfdir='${docdir}'
plugindir='/usr/local/lib/dlvhex/plugins'
prefix='/usr/local'
program_transform_name='s,x,x,'
psdir='${docdir}'
sbindir='${exec_prefix}/sbin'
sharedstatedir='${prefix}/com'
sysconfdir='${prefix}/etc'
target_alias=''

## ----------- ##
## confdefs.h. ##
## ----------- ##

/* confdefs.h */
#define PACKAGE_NAME "dlvhex-diffplugin"
#define PACKAGE_TARNAME "dlvhex-diffplugin"
#define PACKAGE_VERSION "2.0.0"
#define PACKAGE_STRING "dlvhex-diffplugin 2.0.0"
#define PACKAGE_BUGREPORT "dlvhex-devel@lists.sourceforge.net"
#define PACKAGE_URL ""
#define DIFFPLUGIN_VERSION 2.0.0
#define DIFFPLUGIN_VERSION_MAJOR 2
#define DIFFPLUGIN_VERSION_MINOR 0
#define DIFFPLUGIN_VERSION_MICRO 0
#define DLVHEX_ABI_VERSION 7.0.0
#define DLVHEX_ABI_VERSION_MAJOR 7
#define DLVHEX_ABI_VERSION_MINOR 0
#define DLVHEX_ABI_VERSION_MICRO 0
#define PACKAGE "dlvhex-diffplugin"
#define VERSION "2.0.0"
#define HAVE_DIRENT_H 1
#define STDC_HEADERS 1
#define HAVE_SYS_TYPES_H 1
#define HAVE_SYS_STAT_H 1
#define HAVE_STDLIB_H 1
#define HAVE_STRING_H 1
#define HAVE_MEMORY_H 1
#define HAVE_STRINGS_H 1
#define HAVE_INTTYPES_H 1
#define HAVE_STDINT_H 1
#define HAVE_UNISTD_H 1
#define HAVE_SYS_PARAM_H 1
#define HAVE_STDBOOL_H 1
#define HAVE_DLFCN_H 1
#define LT_OBJDIR ".libs/"
#define HAVE_BOOST 1
#define HAVE_BOOST_SCOPED_PTR_HPP 1
#define HAVE_BOOST_SHARED_PTR_HPP 1
#define HAVE_BOOST_ALGORITHM_STRING_HPP 1
#define HAVE_BOOST_TOKENIZER_HPP 1

configure: exit 0
